<?xml version="1.0" encoding="UTF-8"?>
<!-- Generated by org.testng.reporters.JUnitReportReporter -->
<testsuite hostname="DESKTOP-D1QK334" failures="0" tests="2" name="searchProduct.SearchOnFlipkart" time="142.197" errors="0" timestamp="2022-10-11T19:54:27 IST" skipped="0">
  <testcase classname="searchProduct.SearchOnFlipkart" name="firefoxTest" time="95.017"/>
  <system-out/>
  <testcase classname="searchProduct.SearchOnFlipkart" name="chromeTest" time="47.180"/>
  <system-out/>
</testsuite> <!-- searchProduct.SearchOnFlipkart -->
